<?xml version="1.0" encoding="UTF-8"?>
<testng-results ignored="0" total="1" passed="1" failed="0" skipped="0">
  <reporter-output>
  </reporter-output>
  <suite started-at="2024-01-24T10:21:07 IST" name="Default suite" finished-at="2024-01-24T10:21:09 IST" duration-ms="2783">
    <groups>
    </groups>
    <test started-at="2024-01-24T10:21:07 IST" name="Default test" finished-at="2024-01-24T10:21:09 IST" duration-ms="2783">
      <class name="com.simplilearn.phasethreeproject.petstore.GETrequest">
        <test-method signature="testGetRequest()[pri:0, instance:com.simplilearn.phasethreeproject.petstore.GETrequest@6ae5aa72]" started-at="2024-01-24T10:21:07 IST" name="testGetRequest" finished-at="2024-01-24T10:21:09 IST" duration-ms="2742" status="PASS">
          <reporter-output>
          </reporter-output>
        </test-method> <!-- testGetRequest -->
      </class> <!-- com.simplilearn.phasethreeproject.petstore.GETrequest -->
    </test> <!-- Default test -->
  </suite> <!-- Default suite -->
</testng-results>
